Compiling the C compiler identification source file "CMakeCCompilerId.c" failed.
Compiler: /home/abc/chip/android-ndk-r17c/toolchains/aarch64-linux-android-4.9/prebuilt/linux-x86_64/bin/aarch64-linux-android-gcc 
Build flags: 
Id flags:  

The output was:
1
/home/abc/chip/android-ndk-r17c/toolchains/aarch64-linux-android-4.9/prebuilt/linux-x86_64/bin/../lib/gcc/aarch64-linux-android/4.9.x/../../../../aarch64-linux-android/bin/ld: cannot find crtbegin_dynamic.o: 没有那个文件或目录
/home/abc/chip/android-ndk-r17c/toolchains/aarch64-linux-android-4.9/prebuilt/linux-x86_64/bin/../lib/gcc/aarch64-linux-android/4.9.x/../../../../aarch64-linux-android/bin/ld: cannot find -lc
/home/abc/chip/android-ndk-r17c/toolchains/aarch64-linux-android-4.9/prebuilt/linux-x86_64/bin/../lib/gcc/aarch64-linux-android/4.9.x/../../../../aarch64-linux-android/bin/ld: cannot find -ldl
/home/abc/chip/android-ndk-r17c/toolchains/aarch64-linux-android-4.9/prebuilt/linux-x86_64/bin/../lib/gcc/aarch64-linux-android/4.9.x/../../../../aarch64-linux-android/bin/ld: cannot find crtend_android.o: 没有那个文件或目录
collect2: error: ld returned 1 exit status


Compiling the CXX compiler identification source file "CMakeCXXCompilerId.cpp" failed.
Compiler: /home/abc/chip/android-ndk-r17c/toolchains/aarch64-linux-android-4.9/prebuilt/linux-x86_64/bin/aarch64-linux-android-g++ 
Build flags: 
Id flags:  

The output was:
1
/home/abc/chip/android-ndk-r17c/toolchains/aarch64-linux-android-4.9/prebuilt/linux-x86_64/bin/../lib/gcc/aarch64-linux-android/4.9.x/../../../../aarch64-linux-android/bin/ld: cannot find crtbegin_dynamic.o: 没有那个文件或目录
/home/abc/chip/android-ndk-r17c/toolchains/aarch64-linux-android-4.9/prebuilt/linux-x86_64/bin/../lib/gcc/aarch64-linux-android/4.9.x/../../../../aarch64-linux-android/bin/ld: cannot find -lstdc++
/home/abc/chip/android-ndk-r17c/toolchains/aarch64-linux-android-4.9/prebuilt/linux-x86_64/bin/../lib/gcc/aarch64-linux-android/4.9.x/../../../../aarch64-linux-android/bin/ld: cannot find -lm
/home/abc/chip/android-ndk-r17c/toolchains/aarch64-linux-android-4.9/prebuilt/linux-x86_64/bin/../lib/gcc/aarch64-linux-android/4.9.x/../../../../aarch64-linux-android/bin/ld: cannot find -lc
/home/abc/chip/android-ndk-r17c/toolchains/aarch64-linux-android-4.9/prebuilt/linux-x86_64/bin/../lib/gcc/aarch64-linux-android/4.9.x/../../../../aarch64-linux-android/bin/ld: cannot find -ldl
/home/abc/chip/android-ndk-r17c/toolchains/aarch64-linux-android-4.9/prebuilt/linux-x86_64/bin/../lib/gcc/aarch64-linux-android/4.9.x/../../../../aarch64-linux-android/bin/ld: cannot find crtend_android.o: 没有那个文件或目录
collect2: error: ld returned 1 exit status


